Terminating on signal 15
Traceback (most recent call last):
  File "/home/mayilin/quant-factor-mining/.venv/lib/python3.13/site-packages/sqlalchemy/engine/base.py", line 1969, in _exec_single_context
    self.dialect.do_execute(
    ~~~~~~~~~~~~~~~~~~~~~~~^
        cursor, str_statement, effective_parameters, context
        ^^^^^^^^^^^^^^^^^^^^^^^^^^^^^^^^^^^^^^^^^^^^^^^^^^^^
    )
    ^
  File "/home/mayilin/quant-factor-mining/.venv/lib/python3.13/site-packages/sqlalchemy/engine/default.py", line 952, in do_execute
    cursor.execute(statement, parameters)
    ~~~~~~~~~~~~~~^^^^^^^^^^^^^^^^^^^^^^^
sqlite3.OperationalError: no such table: job

The above exception was the direct cause of the following exception:

Traceback (most recent call last):
  File "/home/mayilin/quant-factor-mining/.venv/bin/airflow", line 10, in <module>
    sys.exit(main())
             ~~~~^^
  File "/home/mayilin/quant-factor-mining/.venv/lib/python3.13/site-packages/airflow/__main__.py", line 55, in main
    args.func(args)
    ~~~~~~~~~^^^^^^
  File "/home/mayilin/quant-factor-mining/.venv/lib/python3.13/site-packages/airflow/cli/cli_config.py", line 49, in command
    return func(*args, **kwargs)
  File "/home/mayilin/quant-factor-mining/.venv/lib/python3.13/site-packages/airflow/utils/cli.py", line 113, in wrapper
    return f(*args, **kwargs)
  File "/home/mayilin/quant-factor-mining/.venv/lib/python3.13/site-packages/airflow/utils/providers_configuration_loader.py", line 54, in wrapped_function
    return func(*args, **kwargs)
  File "/home/mayilin/quant-factor-mining/.venv/lib/python3.13/site-packages/airflow/cli/commands/scheduler_command.py", line 66, in scheduler
    run_command_with_daemon_option(
    ~~~~~~~~~~~~~~~~~~~~~~~~~~~~~~^
        args=args,
        ^^^^^^^^^^
    ...<2 lines>...
        should_setup_logging=True,
        ^^^^^^^^^^^^^^^^^^^^^^^^^^
    )
    ^
  File "/home/mayilin/quant-factor-mining/.venv/lib/python3.13/site-packages/airflow/cli/commands/daemon_utils.py", line 81, in run_command_with_daemon_option
    callback()
    ~~~~~~~~^^
  File "/home/mayilin/quant-factor-mining/.venv/lib/python3.13/site-packages/airflow/cli/commands/scheduler_command.py", line 69, in <lambda>
    callback=lambda: _run_scheduler_job(args),
                     ~~~~~~~~~~~~~~~~~~^^^^^^
  File "/home/mayilin/quant-factor-mining/.venv/lib/python3.13/site-packages/airflow/utils/memray_utils.py", line 60, in wrapper
    return func(*args, **kwargs)
  File "/home/mayilin/quant-factor-mining/.venv/lib/python3.13/site-packages/airflow/cli/commands/scheduler_command.py", line 48, in _run_scheduler_job
    run_job(job=job_runner.job, execute_callable=job_runner._execute)
    ~~~~~~~^^^^^^^^^^^^^^^^^^^^^^^^^^^^^^^^^^^^^^^^^^^^^^^^^^^^^^^^^^
  File "/home/mayilin/quant-factor-mining/.venv/lib/python3.13/site-packages/airflow/utils/session.py", line 100, in wrapper
    return func(*args, session=session, **kwargs)  # type: ignore[arg-type]
  File "/home/mayilin/quant-factor-mining/.venv/lib/python3.13/site-packages/airflow/jobs/job.py", line 353, in run_job
    job.prepare_for_execution(session=session)
    ~~~~~~~~~~~~~~~~~~~~~~~~~^^^^^^^^^^^^^^^^^
  File "/home/mayilin/quant-factor-mining/.venv/lib/python3.13/site-packages/airflow/utils/session.py", line 98, in wrapper
    return func(*args, **kwargs)
  File "/home/mayilin/quant-factor-mining/.venv/lib/python3.13/site-packages/airflow/jobs/job.py", line 275, in prepare_for_execution
    session.commit()
    ~~~~~~~~~~~~~~^^
  File "/home/mayilin/quant-factor-mining/.venv/lib/python3.13/site-packages/sqlalchemy/orm/session.py", line 2034, in commit
    trans.commit(_to_root=True)
    ~~~~~~~~~~~~^^^^^^^^^^^^^^^
  File "<string>", line 2, in commit
  File "/home/mayilin/quant-factor-mining/.venv/lib/python3.13/site-packages/sqlalchemy/orm/state_changes.py", line 137, in _go
    ret_value = fn(self, *arg, **kw)
  File "/home/mayilin/quant-factor-mining/.venv/lib/python3.13/site-packages/sqlalchemy/orm/session.py", line 1315, in commit
    self._prepare_impl()
    ~~~~~~~~~~~~~~~~~~^^
  File "<string>", line 2, in _prepare_impl
  File "/home/mayilin/quant-factor-mining/.venv/lib/python3.13/site-packages/sqlalchemy/orm/state_changes.py", line 137, in _go
    ret_value = fn(self, *arg, **kw)
  File "/home/mayilin/quant-factor-mining/.venv/lib/python3.13/site-packages/sqlalchemy/orm/session.py", line 1290, in _prepare_impl
    self.session.flush()
    ~~~~~~~~~~~~~~~~~~^^
  File "/home/mayilin/quant-factor-mining/.venv/lib/python3.13/site-packages/sqlalchemy/orm/session.py", line 4352, in flush
    self._flush(objects)
    ~~~~~~~~~~~^^^^^^^^^
  File "/home/mayilin/quant-factor-mining/.venv/lib/python3.13/site-packages/sqlalchemy/orm/session.py", line 4487, in _flush
    with util.safe_reraise():
         ~~~~~~~~~~~~~~~~~^^
  File "/home/mayilin/quant-factor-mining/.venv/lib/python3.13/site-packages/sqlalchemy/util/langhelpers.py", line 122, in __exit__
    raise exc_value.with_traceback(exc_tb)
  File "/home/mayilin/quant-factor-mining/.venv/lib/python3.13/site-packages/sqlalchemy/orm/session.py", line 4448, in _flush
    flush_context.execute()
    ~~~~~~~~~~~~~~~~~~~~~^^
  File "/home/mayilin/quant-factor-mining/.venv/lib/python3.13/site-packages/sqlalchemy/orm/unitofwork.py", line 465, in execute
    rec.execute(self)
    ~~~~~~~~~~~^^^^^^
  File "/home/mayilin/quant-factor-mining/.venv/lib/python3.13/site-packages/sqlalchemy/orm/unitofwork.py", line 641, in execute
    util.preloaded.orm_persistence.save_obj(
    ~~~~~~~~~~~~~~~~~~~~~~~~~~~~~~~~~~~~~~~^
        self.mapper,
        ^^^^^^^^^^^^
        uow.states_for_mapper_hierarchy(self.mapper, False, False),
        ^^^^^^^^^^^^^^^^^^^^^^^^^^^^^^^^^^^^^^^^^^^^^^^^^^^^^^^^^^^
        uow,
        ^^^^
    )
    ^
  File "/home/mayilin/quant-factor-mining/.venv/lib/python3.13/site-packages/sqlalchemy/orm/persistence.py", line 94, in save_obj
    _emit_insert_statements(
    ~~~~~~~~~~~~~~~~~~~~~~~^
        base_mapper,
        ^^^^^^^^^^^^
    ...<3 lines>...
        insert,
        ^^^^^^^
    )
    ^
  File "/home/mayilin/quant-factor-mining/.venv/lib/python3.13/site-packages/sqlalchemy/orm/persistence.py", line 1234, in _emit_insert_statements
    result = connection.execute(
        statement,
        params,
        execution_options=execution_options,
    )
  File "/home/mayilin/quant-factor-mining/.venv/lib/python3.13/site-packages/sqlalchemy/engine/base.py", line 1421, in execute
    return meth(
        self,
        distilled_parameters,
        execution_options or NO_OPTIONS,
    )
  File "/home/mayilin/quant-factor-mining/.venv/lib/python3.13/site-packages/sqlalchemy/sql/elements.py", line 526, in _execute_on_connection
    return connection._execute_clauseelement(
           ~~~~~~~~~~~~~~~~~~~~~~~~~~~~~~~~~^
        self, distilled_params, execution_options
        ^^^^^^^^^^^^^^^^^^^^^^^^^^^^^^^^^^^^^^^^^
    )
    ^
  File "/home/mayilin/quant-factor-mining/.venv/lib/python3.13/site-packages/sqlalchemy/engine/base.py", line 1643, in _execute_clauseelement
    ret = self._execute_context(
        dialect,
    ...<8 lines>...
        cache_hit=cache_hit,
    )
  File "/home/mayilin/quant-factor-mining/.venv/lib/python3.13/site-packages/sqlalchemy/engine/base.py", line 1848, in _execute_context
    return self._exec_single_context(
           ~~~~~~~~~~~~~~~~~~~~~~~~~^
        dialect, context, statement, parameters
        ^^^^^^^^^^^^^^^^^^^^^^^^^^^^^^^^^^^^^^^
    )
    ^
  File "/home/mayilin/quant-factor-mining/.venv/lib/python3.13/site-packages/sqlalchemy/engine/base.py", line 1988, in _exec_single_context
    self._handle_dbapi_exception(
    ~~~~~~~~~~~~~~~~~~~~~~~~~~~~^
        e, str_statement, effective_parameters, cursor, context
        ^^^^^^^^^^^^^^^^^^^^^^^^^^^^^^^^^^^^^^^^^^^^^^^^^^^^^^^
    )
    ^
  File "/home/mayilin/quant-factor-mining/.venv/lib/python3.13/site-packages/sqlalchemy/engine/base.py", line 2365, in _handle_dbapi_exception
    raise sqlalchemy_exception.with_traceback(exc_info[2]) from e
  File "/home/mayilin/quant-factor-mining/.venv/lib/python3.13/site-packages/sqlalchemy/engine/base.py", line 1969, in _exec_single_context
    self.dialect.do_execute(
    ~~~~~~~~~~~~~~~~~~~~~~~^
        cursor, str_statement, effective_parameters, context
        ^^^^^^^^^^^^^^^^^^^^^^^^^^^^^^^^^^^^^^^^^^^^^^^^^^^^
    )
    ^
  File "/home/mayilin/quant-factor-mining/.venv/lib/python3.13/site-packages/sqlalchemy/engine/default.py", line 952, in do_execute
    cursor.execute(statement, parameters)
    ~~~~~~~~~~~~~~^^^^^^^^^^^^^^^^^^^^^^^
sqlalchemy.exc.OperationalError: (sqlite3.OperationalError) no such table: job
[SQL: INSERT INTO job (dag_id, state, job_type, start_date, end_date, latest_heartbeat, executor_class, hostname, unixname) VALUES (?, ?, ?, ?, ?, ?, ?, ?, ?)]
[parameters: (None, <JobState.RUNNING: 'running'>, 'SchedulerJob', '2026-06-11 14:57:56.769863', None, '2026-06-11 14:57:54.654671', None, 'WIN-CBOMVII6LQD.localdomain', 'mayilin')]
(Background on this error at: https://sqlalche.me/e/20/e3q8)
